<?xml version="1.0" encoding="UTF-8"?>
<con:testCase id="a82755b3-0617-4cc7-a71c-d989240e2a27" discardOkResults="false" failOnError="false" failTestCaseOnErrors="true" keepSession="false" name="Test Case 1.2 supprimer répertoire" searchProperties="true" timeout="0" xmlns:con="http://eviware.com/soapui/config"><con:settings><con:setting id="a82755b3-0617-4cc7-a71c-d989240e2a27fileName">Test-Case-1.2-supprimer-répertoire</con:setting></con:settings><con:testStep type="restrequest" name="REST Request" id="c9c16df4-04d2-4305-ae0a-453c9d51defd"><con:settings/><con:config service="LogicalDoc-Folder" resourcePath="/logicaldoc/services/rest/folder/delete" methodName="" xsi:type="con:RestRequestStep" xmlns:xsi="http://www.w3.org/2001/XMLSchema-instance"><con:restRequest name="REST Request" id="81dbfafd-f90e-4845-9f6d-f7ac02c3d951" mediaType="application/json" postQueryString="false"><con:settings><con:setting id="com.eviware.soapui.impl.wsdl.WsdlRequest@request-headers">&lt;xml-fragment/></con:setting></con:settings><con:endpoint>http://localhost:8094</con:endpoint><con:request/><con:originalUri>http://localhost/logicaldoc/services/rest/folder/delete</con:originalUri><con:assertion type="Valid HTTP Status Codes" id="db0103de-0a34-4146-a8d1-367f6b1f9a72" name="Valid HTTP Status Codes"><con:settings/><con:configuration><codes>200</codes></con:configuration></con:assertion><con:assertion type="Response SLA Assertion" id="8f1819d7-39eb-431f-9df5-882d5b9b7a91" name="Response SLA"><con:configuration><SLA>200</SLA></con:configuration></con:assertion><con:credentials><con:username>admin</con:username><con:password>admin</con:password><con:selectedAuthProfile>Basic</con:selectedAuthProfile><con:addedBasicAuthenticationTypes>Basic</con:addedBasicAuthenticationTypes><con:authType>Global HTTP Settings</con:authType></con:credentials><con:jmsConfig JMSDeliveryMode="PERSISTENT"/><con:parameters><con:entry key="folderId" value="101"/></con:parameters></con:restRequest></con:config></con:testStep><con:properties/><con:reportParameters/></con:testCase>