<?xml version="1.0" encoding="UTF-8"?>
<con:testCase discardOkResults="false" failOnError="false" failTestCaseOnErrors="true" id="387baedf-4899-4f6f-ba45-1c4bf6daef7f" keepSession="false" name="Test Case 1 - Créer des répertoires" searchProperties="true" timeout="0" xmlns:con="http://eviware.com/soapui/config"><con:settings><con:setting id="387baedf-4899-4f6f-ba45-1c4bf6daef7ffileName">Test-Case-1---Créer-des-répertoires</con:setting></con:settings><con:testStep id="5fef554c-fac2-4642-a867-c5ed46f35f20" name="Properties" type="properties"><con:settings/><con:config xsi:type="con:PropertiesStep" saveFirst="true" xmlns:xsi="http://www.w3.org/2001/XMLSchema-instance"><con:properties><con:property><con:name>parentId</con:name><con:value>4</con:value></con:property><con:property><con:name>name</con:name><con:value>coucou</con:value></con:property></con:properties></con:config></con:testStep><con:testStep id="49555198-d592-4aed-97b6-621118bee318" name="REST Request" type="restrequest"><con:settings/><con:config xsi:type="con:RestRequestStep" methodName="" resourcePath="/logicaldoc/services/rest/folder/createFolder" service="LogicalDoc-Folder" xmlns:xsi="http://www.w3.org/2001/XMLSchema-instance"><con:restRequest id="a13af0d7-6ecb-41fa-a252-e9444fed14ea" mediaType="application/x-www-form-urlencoded" name="REST Request" postQueryString="false"><con:settings><con:setting id="com.eviware.soapui.impl.wsdl.WsdlRequest@request-headers">&lt;xml-fragment/></con:setting></con:settings><con:endpoint>http://localhost:8094</con:endpoint><con:request/><con:originalUri>http://localhost/logicaldoc/services/rest/folder/createFolder</con:originalUri><con:assertion id="f1bde61a-8302-4c4f-b8d5-ff75ec1f84cd" name="Valid HTTP Status Codes" type="Valid HTTP Status Codes"><con:settings/><con:configuration><codes>200</codes></con:configuration></con:assertion><con:assertion id="2b0c315d-8eec-453a-aeff-2d8f1e225637" name="Response SLA" type="Response SLA Assertion"><con:configuration><SLA>200</SLA></con:configuration></con:assertion><con:credentials><con:username>admin</con:username><con:password>admin</con:password><con:selectedAuthProfile>Basic</con:selectedAuthProfile><con:addedBasicAuthenticationTypes>Basic</con:addedBasicAuthenticationTypes><con:authType>Global HTTP Settings</con:authType></con:credentials><con:jmsConfig JMSDeliveryMode="PERSISTENT"/><con:parameters><con:entry key="name" value="${Properties#name}"/><con:entry key="parentId" value="${Properties#parentId}"/></con:parameters><con:parameterOrder><con:entry>parentId</con:entry><con:entry>name</con:entry></con:parameterOrder></con:restRequest></con:config></con:testStep><con:properties/><con:reportParameters/></con:testCase>