<?xml version="1.0" encoding="UTF-8"?>
<con:testCase id="35354995-0d04-4c55-a52a-59f93c8b5215" discardOkResults="false" failOnError="false" failTestCaseOnErrors="true" keepSession="false" name="Test Case 2 - Créer des documents" searchProperties="true" timeout="0" xmlns:con="http://eviware.com/soapui/config"><con:settings><con:setting id="35354995-0d04-4c55-a52a-59f93c8b5215fileName">Test-Case-2---Créer-des-documents</con:setting></con:settings><con:testStep type="restrequest" name="REST Request" id="42abac85-67e5-40c2-97bd-30b2e34509f1"><con:settings/><con:config service="LogicalDoc-Document" resourcePath="/logicaldoc/services/rest/document/create" methodName="" xsi:type="con:RestRequestStep" xmlns:xsi="http://www.w3.org/2001/XMLSchema-instance"><con:restRequest name="REST Request" id="f0ab280f-8a30-4c13-bea8-eea3e1df8ecc" mediaType="multipart/form-data" postQueryString="false"><con:settings><con:setting id="com.eviware.soapui.impl.wsdl.WsdlRequest@request-headers">&lt;xml-fragment/></con:setting></con:settings><con:endpoint>http://localhost:8094</con:endpoint><con:request/><con:originalUri>http://localhost/logicaldoc/services/rest/document/create</con:originalUri><con:assertion type="Valid HTTP Status Codes" id="37daed98-4e4f-442d-bca8-961fa0a4f198" name="Valid HTTP Status Codes"><con:settings/><con:configuration><codes>200</codes></con:configuration></con:assertion><con:assertion type="Response SLA Assertion" id="9c005ddd-3162-4ec0-9b01-2b20a5ca0e45" name="Response SLA"><con:configuration><SLA>200</SLA></con:configuration></con:assertion><con:credentials><con:selectedAuthProfile>No Authorization</con:selectedAuthProfile><con:authType>No Authorization</con:authType></con:credentials><con:jmsConfig JMSDeliveryMode="PERSISTENT"/><con:parameters/><con:parameterOrder/></con:restRequest></con:config></con:testStep><con:properties/><con:reportParameters/></con:testCase>