<?xml version="1.0" encoding="UTF-8"?>
<con:testCase id="eb47bb63-b405-4635-98b5-2a09abd04c98" discardOkResults="false" failOnError="false" failTestCaseOnErrors="true" keepSession="false" name="Test Case 4 - Poser un bookmark sur un document" searchProperties="true" timeout="0" xmlns:con="http://eviware.com/soapui/config"><con:settings><con:setting id="eb47bb63-b405-4635-98b5-2a09abd04c98fileName">Test-Case-4---Poser-un-bookmark-sur-un-document</con:setting></con:settings><con:testStep type="properties" name="Properties" id="0f159187-1dd1-458d-bc65-9ec77239992d"><con:settings/><con:config xsi:type="con:PropertiesStep" saveFirst="true" xmlns:xsi="http://www.w3.org/2001/XMLSchema-instance"><con:properties><con:property><con:name>docId</con:name><con:value>100</con:value></con:property></con:properties></con:config></con:testStep><con:testStep type="restrequest" name="REST Request" id="561406c8-f5b8-4b1f-a721-dde2c22de264"><con:settings/><con:config service="LogicalDoc-Bookmark" resourcePath="/logicaldoc/services/rest/bookmark/bookmarkDocument" methodName="" xsi:type="con:RestRequestStep" xmlns:xsi="http://www.w3.org/2001/XMLSchema-instance"><con:restRequest name="REST Request" id="3ca30d56-90df-4e7e-97fe-9cf57d6043b2" mediaType="application/json"><con:settings><con:setting id="com.eviware.soapui.impl.wsdl.WsdlRequest@request-headers">&lt;xml-fragment/></con:setting></con:settings><con:endpoint>http://localhost:8094</con:endpoint><con:request/><con:originalUri>http://localhost/logicaldoc/services/rest/bookmark/bookmarkDocument</con:originalUri><con:assertion type="Valid HTTP Status Codes" id="06d93dfd-6eb5-4b92-ad40-060d18301c7d" name="Valid HTTP Status Codes"><con:settings/><con:configuration><codes>200</codes></con:configuration></con:assertion><con:assertion type="Response SLA Assertion" id="53dcedc7-5fe4-4a0d-a6ad-bc4f74c15660" name="Response SLA"><con:configuration><SLA>200</SLA></con:configuration></con:assertion><con:credentials><con:username>admin</con:username><con:password>admin</con:password><con:selectedAuthProfile>Basic</con:selectedAuthProfile><con:addedBasicAuthenticationTypes>Basic</con:addedBasicAuthenticationTypes><con:authType>Global HTTP Settings</con:authType></con:credentials><con:jmsConfig JMSDeliveryMode="PERSISTENT"/><con:parameters><con:entry key="docId" value="${Properties#docId}"/></con:parameters></con:restRequest></con:config></con:testStep><con:properties/><con:reportParameters/></con:testCase>