<?xml version="1.0" encoding="UTF-8"?>
<con:testCase discardOkResults="false" failOnError="false" failTestCaseOnErrors="true" id="f6dbb7f8-58fc-4cc6-8aef-330d93958919" keepSession="false" name="Test Case 5 - Retirer le bookmark posé sur un document" searchProperties="true" timeout="0" xmlns:con="http://eviware.com/soapui/config"><con:settings><con:setting id="f6dbb7f8-58fc-4cc6-8aef-330d93958919fileName">Test-Case-5---Retirer-le-bookmark-posé-sur-un-document</con:setting></con:settings><con:testStep id="59b2a0b1-968c-44bc-a15f-0e4b97d4e92e" name="Properties" type="properties"><con:settings/><con:config xsi:type="con:PropertiesStep" saveFirst="true" xmlns:xsi="http://www.w3.org/2001/XMLSchema-instance"><con:properties><con:property><con:name>docId</con:name><con:value>100</con:value></con:property></con:properties></con:config></con:testStep><con:testStep id="70892a8a-0bfb-4417-85cc-a870e029c0ae" name="REST Request" type="restrequest"><con:settings/><con:config xsi:type="con:RestRequestStep" methodName="" resourcePath="/logicaldoc/services/rest/bookmark/unbookmarkDocument" service="LogicalDoc-Bookmark" xmlns:xsi="http://www.w3.org/2001/XMLSchema-instance"><con:restRequest id="af415976-4b50-411b-990b-85dfbb6afa95" mediaType="application/json" name="REST Request" postQueryString="false"><con:settings><con:setting id="com.eviware.soapui.impl.wsdl.WsdlRequest@request-headers">&lt;xml-fragment/></con:setting></con:settings><con:endpoint>http://localhost:8094</con:endpoint><con:request/><con:originalUri>http://localhost/logicaldoc/services/rest/bookmark/unbookmarkDocument</con:originalUri><con:assertion disabled="true" id="f07e0dca-375e-453b-9f03-df36189bcca2" name="Valid HTTP Status Codes" type="Valid HTTP Status Codes"><con:settings/><con:configuration><codes>200</codes></con:configuration></con:assertion><con:assertion id="347a0fcc-bdb6-44fd-b1c1-374ac0c7bb85" name="Response SLA" type="Response SLA Assertion"><con:configuration><SLA>200</SLA></con:configuration></con:assertion><con:credentials><con:username>admin</con:username><con:password>admin</con:password><con:selectedAuthProfile>Basic</con:selectedAuthProfile><con:addedBasicAuthenticationTypes>Basic</con:addedBasicAuthenticationTypes><con:authType>Global HTTP Settings</con:authType></con:credentials><con:jmsConfig JMSDeliveryMode="PERSISTENT"/><con:parameters><con:entry key="docId" value="${Properties#docId}"/></con:parameters></con:restRequest></con:config></con:testStep><con:properties/><con:reportParameters/></con:testCase>