<?xml version="1.0" encoding="UTF-8"?>
<con:testCase id="0140b10d-a0b6-4d3d-9a6b-2287c7e08ea1" discardOkResults="false" failOnError="false" failTestCaseOnErrors="true" keepSession="false" name="Test Case 7 - Chercher un document par mot clé" searchProperties="true" timeout="0" xmlns:con="http://eviware.com/soapui/config"><con:settings><con:setting id="0140b10d-a0b6-4d3d-9a6b-2287c7e08ea1fileName">Test-Case-7---Chercher-un-document-par-mot-clé</con:setting></con:settings><con:testStep type="restrequest" name="REST Request" id="fd8d8ad0-a0a9-40be-ae56-0c5f711d36ee"><con:settings/><con:config service="LogicalDoc-Tag" resourcePath="/logicaldoc/services/rest/tag/findDocumentsByTag" methodName="" xsi:type="con:RestRequestStep" xmlns:xsi="http://www.w3.org/2001/XMLSchema-instance"><con:restRequest name="REST Request" id="aad5e28e-afa0-47f5-a770-6635c1daee71" mediaType="application/json"><con:settings><con:setting id="com.eviware.soapui.impl.wsdl.WsdlRequest@request-headers">&lt;xml-fragment/></con:setting></con:settings><con:endpoint>http://localhost:8094</con:endpoint><con:request/><con:originalUri>http://localhost/logicaldoc/services/rest/tag/findDocumentsByTag</con:originalUri><con:assertion type="Valid HTTP Status Codes" id="f1c6e202-1790-42c3-805c-31cd5a8554ba" name="Valid HTTP Status Codes"><con:settings/><con:configuration><codes>200</codes></con:configuration></con:assertion><con:assertion type="Response SLA Assertion" id="ad7e0ac3-813a-4d69-9ced-869b4c13fadc" name="Response SLA"><con:configuration><SLA>200</SLA></con:configuration></con:assertion><con:credentials><con:username>admin</con:username><con:password>admin</con:password><con:selectedAuthProfile>Basic</con:selectedAuthProfile><con:addedBasicAuthenticationTypes>Basic</con:addedBasicAuthenticationTypes><con:authType>Global HTTP Settings</con:authType></con:credentials><con:jmsConfig JMSDeliveryMode="PERSISTENT"/><con:parameters><con:entry key="tag" value="prout"/></con:parameters></con:restRequest></con:config></con:testStep><con:properties/><con:reportParameters/></con:testCase>