<?xml version="1.0" encoding="UTF-8"?>
<con:testCase id="a0f79e8b-a52f-4844-81ef-5fb2091e9ce4" discardOkResults="false" failOnError="false" failTestCaseOnErrors="true" keepSession="false" name="Test Case 3 - Mettre Ã  jour un document" searchProperties="true" timeout="0" xmlns:con="http://eviware.com/soapui/config"><con:settings><con:setting id="a0f79e8b-a52f-4844-81ef-5fb2091e9ce4fileName">Test-Case-3---Mettre-Ã -jour-un-document</con:setting></con:settings><con:properties/><con:reportParameters/></con:testCase>